{"level":"info","message":"GET /export-orders"}
{"level":"info","message":"GET /export-orders"}
{"level":"info","message":"GET /api/books"}
{"level":"info","message":"GET /api/books"}
{"level":"info","message":"GET /api/books"}
{"level":"info","message":"GET /api/books"}
{"level":"info","message":"GET /api/books"}
{"level":"info","message":"GET /api/books"}
{"level":"info","message":"GET /api/books"}
{"level":"info","message":"GET /api/books"}
{"level":"info","message":"POST /api/register"}
{"level":"info","message":"POST /api/register"}
{"level":"info","message":"POST /api/register"}
{"level":"info","message":"POST /api/register"}
{"level":"info","message":"POST /api/register"}
{"level":"info","message":"POST /api/register"}
{"level":"info","message":"POST /api/register"}
{"level":"info","message":"POST /api/login"}
{"level":"info","message":"POST /api/login"}
{"level":"info","message":"POST /api/login"}
{"level":"info","message":"GET /api/books"}
{"level":"info","message":"GET /api/books"}
{"level":"info","message":"GET /api/books"}
{"level":"info","message":"GET /api/books"}
{"level":"info","message":"GET /api/books/6694d5d5b5f638ebb8db6f42"}
{"level":"info","message":"GET /api/books/6694d5d5b5f638ebb8db6f42"}
